This is pdfTeX, Version 3.14159265-2.6-1.40.20 (TeX Live 2019/NixOS.org) (preloaded format=pdflatex 2020.12.30)  30 DEC 2020 18:37
entering extended mode
 restricted \write18 enabled.
 file:line:error style messages enabled.
 %&-line parsing enabled.
**hash-tree.tex
(./hash-tree.tex
LaTeX2e <2020-02-02> patch level 5
L3 programming layer <2020-02-25> (/nix/store/ysc0si2widc8ycbz88qa04wyjb2w8psj-texlive-combined-2019/share/texmf/tex/latex/base/article.cls
Document Class: article 2019/12/20 v1.4l Standard LaTeX document class
(/nix/store/ysc0si2widc8ycbz88qa04wyjb2w8psj-texlive-combined-2019/share/texmf/tex/latex/base/size10.clo
File: size10.clo 2019/12/20 v1.4l Standard LaTeX file (size option)
)
\c@part=\count167
\c@section=\count168
\c@subsection=\count169
\c@subsubsection=\count170
\c@paragraph=\count171
\c@subparagraph=\count172
\c@figure=\count173
\c@table=\count174
\abovecaptionskip=\skip47
\belowcaptionskip=\skip48
\bibindent=\dimen134
) (/nix/store/ysc0si2widc8ycbz88qa04wyjb2w8psj-texlive-combined-2019/share/texmf/tex/latex/base/inputenc.sty
Package: inputenc 2018/08/11 v1.3c Input encoding file
\inpenc@prehook=\toks15
\inpenc@posthook=\toks16
) (/nix/store/ysc0si2widc8ycbz88qa04wyjb2w8psj-texlive-combined-2019/share/texmf/tex/latex/amsmath/amsmath.sty
Package: amsmath 2020/01/20 v2.17e AMS math features
\@mathmargin=\skip49

For additional information on amsmath, use the `?' option.
(/nix/store/ysc0si2widc8ycbz88qa04wyjb2w8psj-texlive-combined-2019/share/texmf/tex/latex/amsmath/amstext.sty
Package: amstext 2000/06/29 v2.01 AMS text
 (/nix/store/ysc0si2widc8ycbz88qa04wyjb2w8psj-texlive-combined-2019/share/texmf/tex/latex/amsmath/amsgen.sty
File: amsgen.sty 1999/11/30 v2.0 generic functions
\@emptytoks=\toks17
\ex@=\dimen135
)) (/nix/store/ysc0si2widc8ycbz88qa04wyjb2w8psj-texlive-combined-2019/share/texmf/tex/latex/amsmath/amsbsy.sty
Package: amsbsy 1999/11/29 v1.2d Bold Symbols
\pmbraise@=\dimen136
) (/nix/store/ysc0si2widc8ycbz88qa04wyjb2w8psj-texlive-combined-2019/share/texmf/tex/latex/amsmath/amsopn.sty
Package: amsopn 2016/03/08 v2.02 operator names
)
\inf@bad=\count175
LaTeX Info: Redefining \frac on input line 227.
\uproot@=\count176
\leftroot@=\count177
LaTeX Info: Redefining \overline on input line 389.
\classnum@=\count178
\DOTSCASE@=\count179
LaTeX Info: Redefining \ldots on input line 486.
LaTeX Info: Redefining \dots on input line 489.
LaTeX Info: Redefining \cdots on input line 610.
\Mathstrutbox@=\box45
\strutbox@=\box46
\big@size=\dimen137
LaTeX Font Info:    Redeclaring font encoding OML on input line 733.
LaTeX Font Info:    Redeclaring font encoding OMS on input line 734.
\macc@depth=\count180
\c@MaxMatrixCols=\count181
\dotsspace@=\muskip16
\c@parentequation=\count182
\dspbrk@lvl=\count183
\tag@help=\toks18
\row@=\count184
\column@=\count185
\maxfields@=\count186
\andhelp@=\toks19
\eqnshift@=\dimen138
\alignsep@=\dimen139
\tagshift@=\dimen140
\tagwidth@=\dimen141
\totwidth@=\dimen142
\lineht@=\dimen143
\@envbody=\toks20
\multlinegap=\skip50
\multlinetaggap=\skip51
\mathdisplay@stack=\toks21
LaTeX Info: Redefining \[ on input line 2859.
LaTeX Info: Redefining \] on input line 2860.
) (/nix/store/ysc0si2widc8ycbz88qa04wyjb2w8psj-texlive-combined-2019/share/texmf/tex/latex/amsfonts/amssymb.sty
Package: amssymb 2013/01/14 v3.01 AMS font symbols
 (/nix/store/ysc0si2widc8ycbz88qa04wyjb2w8psj-texlive-combined-2019/share/texmf/tex/latex/amsfonts/amsfonts.sty
Package: amsfonts 2013/01/14 v3.01 Basic AMSFonts support
\symAMSa=\mathgroup4
\symAMSb=\mathgroup5
LaTeX Font Info:    Redeclaring math symbol \hbar on input line 98.
LaTeX Font Info:    Overwriting math alphabet `\mathfrak' in version `bold'
(Font)                  U/euf/m/n --> U/euf/b/n on input line 106.
)) (/nix/store/ysc0si2widc8ycbz88qa04wyjb2w8psj-texlive-combined-2019/share/texmf/tex/latex/algorithm2e/algorithm2e.sty
Package: algorithm2e 2017/07/18 v5.2 algorithms environments
\c@AlgoLine=\count187
 (/nix/store/ysc0si2widc8ycbz88qa04wyjb2w8psj-texlive-combined-2019/share/texmf/tex/latex/base/ifthen.sty
Package: ifthen 2014/09/29 v1.1c Standard LaTeX ifthen package (DPC)
)
\algocf@hangindent=\skip52


! LaTeX Error: File `ifoddpage.sty' not found.

Type X to quit or <RETURN> to proceed,
or enter new name. (Default extension: sty)

Enter file name: 
/nix/store/ysc0si2widc8ycbz88qa04wyjb2w8psj-texlive-combined-2019/share/texmf/tex/latex/algorithm2e/algorithm2e.sty:1495: Emergency stop.
<read *> 
         
l.1495 \RequirePackage
                      {xspace}%^^M
*** (cannot \read from terminal in nonstop modes)

 
Here is how much of TeX's memory you used:
 1630 strings out of 482109
 21131 string characters out of 5919798
 251984 words of memory out of 5000000
 17027 multiletter control sequences out of 15000+600000
 532338 words of font info for 24 fonts, out of 8000000 for 9000
 430 hyphenation exceptions out of 8191
 30i,0n,31p,289b,36s stack positions out of 5000i,500n,10000p,200000b,80000s
/nix/store/ysc0si2widc8ycbz88qa04wyjb2w8psj-texlive-combined-2019/share/texmf/tex/latex/algorithm2e/algorithm2e.sty:1495:  ==> Fatal error occurred, no output PDF file produced!
